2025-11-19 23:22:57 [INFO] üöÄ Starting test: CompleteTestSuite {"service":"gmail-test-suite","test":"CompleteTestSuite","phase":"complete_suite","tests":["StealthFlags","RuntimePatching","Extension","GmailLogin"]}
2025-11-19 23:22:57 [INFO] ‚ÑπÔ∏è CompleteTestSuite - Starting stealth flags verification {"service":"gmail-test-suite","test":"CompleteTestSuite","step":"Starting stealth flags verification"}
2025-11-19 23:23:20 [INFO] üöÄ Starting test: RuntimePatchingTest {"service":"gmail-test-suite","test":"RuntimePatchingTest","phase":"start"}
2025-11-19 23:23:20 [INFO] üöÄ Starting test: RuntimePatchingTest {"service":"gmail-test-suite","test":"RuntimePatchingTest","phase":"start","mode":"addBinding","environment":"REBROWSER_PATCHES_RUNTIME_FIX_MODE=addBinding"}
2025-11-19 23:23:20 [INFO] üöÄ Starting test: RuntimePatchingTest {"service":"gmail-test-suite","test":"RuntimePatchingTest","phase":"browser_initialization"}
2025-11-19 23:23:20 [INFO] ‚ÑπÔ∏è RuntimePatchingTest - Launching browser with runtime patching {"service":"gmail-test-suite","test":"RuntimePatchingTest","step":"Launching browser with runtime patching","mode":"addBinding","environment":"REBROWSER_PATCHES_RUNTIME_FIX_MODE=addBinding"}
2025-11-19 23:23:20 [ERROR] üí• RuntimePatchingTest - Error: An `executablePath` or `channel` must be specified for `puppeteer-core` {"service":"gmail-test-suite","test":"RuntimePatchingTest","error":"An `executablePath` or `channel` must be specified for `puppeteer-core`","stack":"Error: An `executablePath` or `channel` must be specified for `puppeteer-core`\n    at assert (/home/ned/generate-CDP-autoation/node_modules/puppeteer-core/lib/cjs/puppeteer/util/assert.js:18:15)\n    at ChromeLauncher.computeLaunchArguments (/home/ned/generate-CDP-autoation/node_modules/puppeteer-core/lib/cjs/puppeteer/node/ChromeLauncher.js:90:36)\n    at ChromeLauncher.launch (/home/ned/generate-CDP-autoation/node_modules/puppeteer-core/lib/cjs/puppeteer/node/BrowserLauncher.js:84:39)\n    at ChromeLauncher.launch (/home/ned/generate-CDP-autoation/node_modules/puppeteer-core/lib/cjs/puppeteer/node/ChromeLauncher.js:45:22)\n    at PuppeteerNode.launch (/home/ned/generate-CDP-autoation/node_modules/puppeteer-core/lib/cjs/puppeteer/node/PuppeteerNode.js:143:31)\n    at PuppeteerExtra.launch (/home/ned/generate-CDP-autoation/node_modules/puppeteer-extra/dist/index.cjs.js:128:41)\n    at async RuntimePatchingTest.initializeBrowser (/home/ned/generate-CDP-autoation/src/test/verify-runtime-patching.js:46:22)\n    at async RuntimePatchingTest.runAllTests (/home/ned/generate-CDP-autoation/src/test/verify-runtime-patching.js:410:34)\n    at async TestRunner.runTest (/home/ned/generate-CDP-autoation/src/test/run-tests.js:29:22)\n    at async TestRunner.runSpecificTest (/home/ned/generate-CDP-autoation/src/test/run-tests.js:282:14)","type":"error","phase":"browser_initialization"}
2025-11-19 23:23:47 [INFO] üöÄ Starting test: RuntimePatchingTest {"service":"gmail-test-suite","test":"RuntimePatchingTest","phase":"start"}
2025-11-19 23:23:47 [INFO] üöÄ Starting test: RuntimePatchingTest {"service":"gmail-test-suite","test":"RuntimePatchingTest","phase":"start","mode":"addBinding","environment":"REBROWSER_PATCHES_RUNTIME_FIX_MODE=addBinding"}
2025-11-19 23:23:47 [INFO] üöÄ Starting test: RuntimePatchingTest {"service":"gmail-test-suite","test":"RuntimePatchingTest","phase":"browser_initialization"}
2025-11-19 23:23:47 [INFO] ‚ÑπÔ∏è RuntimePatchingTest - Launching browser with runtime patching {"service":"gmail-test-suite","test":"RuntimePatchingTest","step":"Launching browser with runtime patching","mode":"addBinding","environment":"REBROWSER_PATCHES_RUNTIME_FIX_MODE=addBinding"}
2025-11-19 23:23:47 [ERROR] üí• RuntimePatchingTest - Error: An `executablePath` or `channel` must be specified for `puppeteer-core` {"service":"gmail-test-suite","test":"RuntimePatchingTest","error":"An `executablePath` or `channel` must be specified for `puppeteer-core`","stack":"Error: An `executablePath` or `channel` must be specified for `puppeteer-core`\n    at assert (/home/ned/generate-CDP-autoation/node_modules/puppeteer-core/lib/cjs/puppeteer/util/assert.js:18:15)\n    at ChromeLauncher.computeLaunchArguments (/home/ned/generate-CDP-autoation/node_modules/puppeteer-core/lib/cjs/puppeteer/node/ChromeLauncher.js:90:36)\n    at ChromeLauncher.launch (/home/ned/generate-CDP-autoation/node_modules/puppeteer-core/lib/cjs/puppeteer/node/BrowserLauncher.js:84:39)\n    at ChromeLauncher.launch (/home/ned/generate-CDP-autoation/node_modules/puppeteer-core/lib/cjs/puppeteer/node/ChromeLauncher.js:45:22)\n    at PuppeteerNode.launch (/home/ned/generate-CDP-autoation/node_modules/puppeteer-core/lib/cjs/puppeteer/node/PuppeteerNode.js:143:31)\n    at PuppeteerExtra.launch (/home/ned/generate-CDP-autoation/node_modules/puppeteer-extra/dist/index.cjs.js:128:41)\n    at async RuntimePatchingTest.initializeBrowser (/home/ned/generate-CDP-autoation/src/test/verify-runtime-patching.js:46:22)\n    at async RuntimePatchingTest.runAllTests (/home/ned/generate-CDP-autoation/src/test/verify-runtime-patching.js:410:34)\n    at async TestRunner.runTest (/home/ned/generate-CDP-autoation/src/test/run-tests.js:29:22)\n    at async TestRunner.runSpecificTest (/home/ned/generate-CDP-autoation/src/test/run-tests.js:282:14)","type":"error","phase":"browser_initialization"}
2025-11-19 23:24:42 [INFO] üöÄ Starting test: RuntimePatchingTest {"service":"gmail-test-suite","test":"RuntimePatchingTest","phase":"start"}
2025-11-19 23:24:42 [INFO] üöÄ Starting test: RuntimePatchingTest {"service":"gmail-test-suite","test":"RuntimePatchingTest","phase":"start","mode":"addBinding","environment":"REBROWSER_PATCHES_RUNTIME_FIX_MODE=addBinding"}
2025-11-19 23:24:42 [INFO] üöÄ Starting test: RuntimePatchingTest {"service":"gmail-test-suite","test":"RuntimePatchingTest","phase":"browser_initialization"}
2025-11-19 23:24:42 [INFO] ‚ÑπÔ∏è RuntimePatchingTest - Launching browser with runtime patching {"service":"gmail-test-suite","test":"RuntimePatchingTest","step":"Launching browser with runtime patching","mode":"addBinding","environment":"REBROWSER_PATCHES_RUNTIME_FIX_MODE=addBinding"}
2025-11-19 23:24:43 [INFO] ‚ÑπÔ∏è RuntimePatchingTest - Running test: addBinding Mode {"service":"gmail-test-suite","test":"RuntimePatchingTest","step":"Running test: addBinding Mode"}
2025-11-19 23:24:43 [INFO] ‚ÑπÔ∏è RuntimePatchingTest - Testing addBinding mode (Mode 1) {"service":"gmail-test-suite","test":"RuntimePatchingTest","step":"Testing addBinding mode (Mode 1)"}
2025-11-19 23:24:43 [INFO] ‚ÑπÔ∏è RuntimePatchingTest - Running test: Detection After CDP Commands {"service":"gmail-test-suite","test":"RuntimePatchingTest","step":"Running test: Detection After CDP Commands"}
2025-11-19 23:24:43 [INFO] ‚ÑπÔ∏è RuntimePatchingTest - Testing detection after CDP commands {"service":"gmail-test-suite","test":"RuntimePatchingTest","step":"Testing detection after CDP commands"}
2025-11-19 23:24:43 [INFO] ‚ÑπÔ∏è RuntimePatchingTest - Running test: No Runtime.enable Detection Window {"service":"gmail-test-suite","test":"RuntimePatchingTest","step":"Running test: No Runtime.enable Detection Window"}
2025-11-19 23:24:43 [INFO] ‚ÑπÔ∏è RuntimePatchingTest - Testing for Runtime.enable detection window {"service":"gmail-test-suite","test":"RuntimePatchingTest","step":"Testing for Runtime.enable detection window"}
2025-11-19 23:24:48 [INFO] ‚ÑπÔ∏è RuntimePatchingTest - Running test: rebrowser-patches Installation {"service":"gmail-test-suite","test":"RuntimePatchingTest","step":"Running test: rebrowser-patches Installation"}
2025-11-19 23:24:48 [INFO] ‚ÑπÔ∏è RuntimePatchingTest - Verifying rebrowser-patches installation {"service":"gmail-test-suite","test":"RuntimePatchingTest","step":"Verifying rebrowser-patches installation"}
2025-11-19 23:24:48 [INFO] ‚è±Ô∏è RuntimePatchingTest - total_execution: 5703ms {"service":"gmail-test-suite","test":"RuntimePatchingTest","operation":"total_execution","duration":5703,"type":"performance"}
2025-11-19 23:24:48 [INFO] ‚ùå FAILED test: RuntimePatchingTest {"service":"gmail-test-suite","test":"RuntimePatchingTest","phase":"end","result":{"startTime":"2025-11-19T22:24:42.953Z","endTime":"2025-11-19T22:24:48.656Z","duration":5703,"success":false,"patchingMode":"addBinding","detectionAttempts":0,"errors":["rebrowser-patches installation: {\"packageCheck\":{\"hasPatching\":false,\"error\":\"process is not defined\"},\"puppeteerCheck\":{\"puppeteerAvailable\":false,\"patchedMethods\":[]},\"expectedMode\":\"addBinding\",\"actualMode\":\"addBinding\"}"],"tests":[{"testId":"addBinding_mode","name":"addBinding Mode Test","success":true,"details":{"success":true,"bindingExists":true,"bindingId":"xq2nvzpmc","runtimeEnabled":false}},{"testId":"detection_after_cdp","name":"Detection After CDP Commands","success":true,"details":{"totalTests":4,"detectionCount":0,"results":[{"command":"Page.evaluate","success":true,"duration":1,"detectionIndicators":[],"detected":false},{"command":"Runtime.evaluate","success":true,"duration":1,"detectionIndicators":[],"detected":false},{"command":"DOM.getDocument","success":true,"duration":1,"detectionIndicators":[],"detected":false},{"command":"CSS.getComputedStyleForNode","success":true,"duration":1,"detectionIndicators":[],"detected":false}]}},{"testId":"no_runtime_enable_window","name":"No Runtime.enable Detection Window","success":true,"details":{"monitoringDuration":5000,"totalChecks":50,"detectionEvents":0,"firstDetection":null,"detectionLog":[{"timestamp":1763591083753,"elapsed":100,"indicators":{"webdriver":false,"chromeRuntime":false,"cdcArray":false,"cdcPromise":false,"cdcSymbol":false}},{"timestamp":1763591083853,"elapsed":200,"indicators":{"webdriver":false,"chromeRuntime":false,"cdcArray":false,"cdcPromise":false,"cdcSymbol":false}},{"timestamp":1763591083953,"elapsed":300,"indicators":{"webdriver":false,"chromeRuntime":false,"cdcArray":false,"cdcPromise":false,"cdcSymbol":false}},{"timestamp":1763591084053,"elapsed":400,"indicators":{"webdriver":false,"chromeRuntime":false,"cdcArray":false,"cdcPromise":false,"cdcSymbol":false}},{"timestamp":1763591084153,"elapsed":500,"indicators":{"webdriver":false,"chromeRuntime":false,"cdcArray":false,"cdcPromise":false,"cdcSymbol":false}},{"timestamp":1763591084253,"elapsed":600,"indicators":{"webdriver":false,"chromeRuntime":false,"cdcArray":false,"cdcPromise":false,"cdcSymbol":false}},{"timestamp":1763591084353,"elapsed":700,"indicators":{"webdriver":false,"chromeRuntime":false,"cdcArray":false,"cdcPromise":false,"cdcSymbol":false}},{"timestamp":1763591084453,"elapsed":800,"indicators":{"webdriver":false,"chromeRuntime":false,"cdcArray":false,"cdcPromise":false,"cdcSymbol":false}},{"timestamp":1763591084553,"elapsed":900,"indicators":{"webdriver":false,"chromeRuntime":false,"cdcArray":false,"cdcPromise":false,"cdcSymbol":false}},{"timestamp":1763591084653,"elapsed":1000,"indicators":{"webdriver":false,"chromeRuntime":false,"cdcArray":false,"cdcPromise":false,"cdcSymbol":false}}]}},{"testId":"rebrowser_patches_installation","name":"rebrowser-patches Installation","success":false,"details":{"packageCheck":{"hasPatching":false,"error":"process is not defined"},"puppeteerCheck":{"puppeteerAvailable":false,"patchedMethods":[]},"expectedMode":"addBinding","actualMode":"addBinding"}}]},"duration":5703,"detectionAttempts":0,"testsPassed":3,"testsTotal":4}
2025-11-19 23:24:48 [INFO] ‚è±Ô∏è RuntimePatchingTest - total_execution: 5821ms {"service":"gmail-test-suite","test":"RuntimePatchingTest","operation":"total_execution","duration":5821,"type":"performance"}
2025-11-19 23:24:55 [INFO] üöÄ Starting test: ExtensionTest {"service":"gmail-test-suite","test":"ExtensionTest","phase":"start"}
2025-11-19 23:24:55 [INFO] üöÄ Starting test: ExtensionTest {"service":"gmail-test-suite","test":"ExtensionTest","phase":"start","extensionPath":"/home/ned/generate-CDP-autoation/extensions/cdp-stealth","manifestPath":"/home/ned/generate-CDP-autoation/extensions/cdp-stealth/manifest.json"}
2025-11-19 23:24:55 [INFO] üöÄ Starting test: ExtensionTest {"service":"gmail-test-suite","test":"ExtensionTest","phase":"browser_initialization"}
2025-11-19 23:24:55 [INFO] ‚ÑπÔ∏è ExtensionTest - Launching browser with CDP extension {"service":"gmail-test-suite","test":"ExtensionTest","step":"Launching browser with CDP extension","extensionPath":"/home/ned/generate-CDP-autoation/extensions/cdp-stealth","manifestPath":"/home/ned/generate-CDP-autoation/extensions/cdp-stealth/manifest.json"}
2025-11-19 23:24:55 [ERROR] üí• ExtensionTest - Error: An `executablePath` or `channel` must be specified for `puppeteer-core` {"service":"gmail-test-suite","test":"ExtensionTest","error":"An `executablePath` or `channel` must be specified for `puppeteer-core`","stack":"Error: An `executablePath` or `channel` must be specified for `puppeteer-core`\n    at assert (/home/ned/generate-CDP-autoation/node_modules/puppeteer-core/lib/cjs/puppeteer/util/assert.js:18:15)\n    at ChromeLauncher.computeLaunchArguments (/home/ned/generate-CDP-autoation/node_modules/puppeteer-core/lib/cjs/puppeteer/node/ChromeLauncher.js:90:36)\n    at ChromeLauncher.launch (/home/ned/generate-CDP-autoation/node_modules/puppeteer-core/lib/cjs/puppeteer/node/BrowserLauncher.js:84:39)\n    at ChromeLauncher.launch (/home/ned/generate-CDP-autoation/node_modules/puppeteer-core/lib/cjs/puppeteer/node/ChromeLauncher.js:45:22)\n    at PuppeteerNode.launch (/home/ned/generate-CDP-autoation/node_modules/puppeteer-core/lib/cjs/puppeteer/node/PuppeteerNode.js:143:31)\n    at PuppeteerExtra.launch (/home/ned/generate-CDP-autoation/node_modules/puppeteer-extra/dist/index.cjs.js:128:41)\n    at async ExtensionTest.initializeBrowser (/home/ned/generate-CDP-autoation/src/test/verify-extension.js:60:22)\n    at async ExtensionTest.runAllTests (/home/ned/generate-CDP-autoation/src/test/verify-extension.js:471:34)\n    at async TestRunner.runTest (/home/ned/generate-CDP-autoation/src/test/run-tests.js:29:22)\n    at async TestRunner.runSpecificTest (/home/ned/generate-CDP-autoation/src/test/run-tests.js:282:14)","type":"error","phase":"browser_initialization"}
2025-11-19 23:25:22 [INFO] üöÄ Starting test: ExtensionTest {"service":"gmail-test-suite","test":"ExtensionTest","phase":"start"}
2025-11-19 23:25:22 [INFO] üöÄ Starting test: ExtensionTest {"service":"gmail-test-suite","test":"ExtensionTest","phase":"start","extensionPath":"/home/ned/generate-CDP-autoation/extensions/cdp-stealth","manifestPath":"/home/ned/generate-CDP-autoation/extensions/cdp-stealth/manifest.json"}
2025-11-19 23:25:22 [INFO] üöÄ Starting test: ExtensionTest {"service":"gmail-test-suite","test":"ExtensionTest","phase":"browser_initialization"}
2025-11-19 23:25:22 [INFO] ‚ÑπÔ∏è ExtensionTest - Launching browser with CDP extension {"service":"gmail-test-suite","test":"ExtensionTest","step":"Launching browser with CDP extension","extensionPath":"/home/ned/generate-CDP-autoation/extensions/cdp-stealth","manifestPath":"/home/ned/generate-CDP-autoation/extensions/cdp-stealth/manifest.json"}
2025-11-19 23:25:25 [ERROR] üí• ExtensionTest - Error: Extension target not found {"service":"gmail-test-suite","test":"ExtensionTest","error":"Extension target not found","stack":"Error: Extension target not found\n    at ExtensionTest.initializeBrowser (/home/ned/generate-CDP-autoation/src/test/verify-extension.js:77:15)\n    at async ExtensionTest.runAllTests (/home/ned/generate-CDP-autoation/src/test/verify-extension.js:471:34)\n    at async TestRunner.runTest (/home/ned/generate-CDP-autoation/src/test/run-tests.js:29:22)\n    at async TestRunner.runSpecificTest (/home/ned/generate-CDP-autoation/src/test/run-tests.js:282:14)","type":"error","phase":"browser_initialization"}
2025-11-19 23:25:25 [ERROR] üí• ExtensionTest - Error: Browser initialization failed {"service":"gmail-test-suite","test":"ExtensionTest","error":"Browser initialization failed","stack":"Error: Browser initialization failed\n    at ExtensionTest.runAllTests (/home/ned/generate-CDP-autoation/src/test/verify-extension.js:473:15)\n    at async TestRunner.runTest (/home/ned/generate-CDP-autoation/src/test/run-tests.js:29:22)\n    at async TestRunner.runSpecificTest (/home/ned/generate-CDP-autoation/src/test/run-tests.js:282:14)","type":"error","phase":"test_execution"}
2025-11-19 23:25:25 [INFO] ‚ùå FAILED test: ExtensionTest {"service":"gmail-test-suite","test":"ExtensionTest","phase":"end","result":{"startTime":"2025-11-19T22:25:22.468Z","endTime":"2025-11-19T22:25:25.789Z","duration":3321,"success":false,"extensionLoaded":false,"cdpFunctional":false,"stateCaptureWorking":false,"debuggerAPIWorking":false,"errors":["Browser initialization failed: Extension target not found","Test execution failed: Browser initialization failed"],"tests":[]}}
2025-11-19 23:25:25 [INFO] ‚è±Ô∏è ExtensionTest - total_execution: 3428ms {"service":"gmail-test-suite","test":"ExtensionTest","operation":"total_execution","duration":3428,"type":"performance"}
2025-11-19 23:25:57 [INFO] üöÄ Starting test: CompleteTestSuite {"service":"gmail-test-suite","test":"CompleteTestSuite","phase":"complete_suite","tests":["StealthFlags","RuntimePatching","Extension","GmailLogin"]}
2025-11-19 23:25:57 [INFO] ‚ÑπÔ∏è CompleteTestSuite - Starting stealth flags verification {"service":"gmail-test-suite","test":"CompleteTestSuite","step":"Starting stealth flags verification"}
